<?xml version="1.0" encoding="UTF-8"?>
<testsuite name="Bank Test"
           tests="5"
           failures="0"
           errors="0"
           skipped="0"
           time="14.293">
  <properties />
  
  
            <testcase name="bankManagerShouldOpenAccountSuccessfully" time="2.965" classname="com.bank.testsuite.BankTest" />
                <testcase name="bankManagerShouldAddCustomerSuccessfully" time="2.120" classname="com.bank.testsuite.BankTest" />
                <testcase name="customerShouldWithdrawMoneySuccessfully" time="2.947" classname="com.bank.testsuite.BankTest" />
                <testcase name="customerShouldLoginAndLogoutSuccessfully" time="3.360" classname="com.bank.testsuite.BankTest" />
                <testcase name="customerShouldDepositeMoneySuccessfully" time="2.901" classname="com.bank.testsuite.BankTest" />
      
</testsuite>
